<?xml version="1.0" encoding="UTF-8"?>
<testsuites name="Smoke" time="54" tests="2" failures="2" errors="0">
   <testsuite name="Smoke" tests="2" failures="2" errors="0" time="54" timestamp="2017-10-30 06:29:52" hostname="lokesh - DESKTOP-7FI2243" id="Test Suites/Smoke">
      <properties>
         <property name="deviceName" value=""/>
         <property name="devicePlatform" value=""/>
         <property name="logFolder" value="C:\\Users\\lokesh\\Katalon Studio\\recorded\\Reports\\Smoke\\20171030_062951"/>
         <property name="logFiles" value="C:\\Users\\lokesh\\Katalon Studio\\recorded\\Reports\\Smoke\\20171030_062951\\execution0.log"/>
         <property name="attachments" value="C:\\Users\\lokesh\\Katalon Studio\\recorded\\Reports\\Smoke\\20171030_062951\\1509325243597.png, C:\\Users\\lokesh\\Katalon Studio\\recorded\\Reports\\Smoke\\20171030_062951\\1509325245705.png"/>
         <property name="hostName" value="lokesh - DESKTOP-7FI2243"/>
         <property name="os" value="Windows 10 64bit"/>
         <property name="katalonVersion" value="5.0.0.1"/>
         <property name="browser" value="Chrome 61.0.3163.100"/>
         <property name="hostAddress" value="192.168.0.100"/>
         <property name="sessionId" value="c7362a3c7b5f8dcfd68beb098cc62f68"/>
         <property name="seleniumVersion" value="2.53.0"/>
         <property name="proxyInformation" value="ProxyInformation{proxyOption=NO_PROXY, proxyServerType=, password=, proxyServerAddress=, proxyServerPort=0}"/>
         <property name="platform" value="Windows 10"/>
      </properties>
      <testcase name="Test Cases/TC01" classname="Test Cases/TC01" status="PASSED">
         <system-out><![CDATA[2017-10-30 06:29:53 - [TEST_CASE][PASSED] - Test Cases/TC01: Test Cases/TC01

2017-10-30 06:29:53 - [TEST_STEP][PASSED] - openBrowser: Browser is opened with url: ''

2017-10-30 06:29:56 - [MESSAGE][PASSED] - Browser is opened with url: ''

2017-10-30 06:29:56 - [TEST_STEP][PASSED] - maximizeWindow: Current window maximized

2017-10-30 06:29:57 - [MESSAGE][PASSED] - Current window maximized

2017-10-30 06:29:57 - [TEST_STEP][PASSED] - navigateToUrl: Navigate to 'https://nflplayercomm-test.crm.dynamics.com/main.aspx?appid=cc7e976d-8a90-422a-a6c3-5d97a285f749' successfully

2017-10-30 06:30:00 - [MESSAGE][PASSED] - Navigate to 'https://nflplayercomm-test.crm.dynamics.com/main.aspx?appid=cc7e976d-8a90-422a-a6c3-5d97a285f749' successfully

2017-10-30 06:30:00 - [TEST_STEP][PASSED] - setText: Text 'lokesh.sharma@nflit.onmicrosoft.com' is set on object 'Object Repository/Page_Sign in to your account/input_login'

2017-10-30 06:30:01 - [MESSAGE][PASSED] - Text 'lokesh.sharma@nflit.onmicrosoft.com' is set on object 'Object Repository/Page_Sign in to your account/input_login'

2017-10-30 06:30:01 - [TEST_STEP][PASSED] - setText: Text 'kirti123#' is set on object 'Object Repository/Page_Sign in to your account/input_passwd'

2017-10-30 06:30:01 - [MESSAGE][PASSED] - Text 'kirti123#' is set on object 'Object Repository/Page_Sign in to your account/input_passwd'

2017-10-30 06:30:01 - [TEST_STEP][PASSED] - waitForPageLoad: Wait for page load successfully

2017-10-30 06:30:01 - [MESSAGE][PASSED] - Wait for page load successfully

2017-10-30 06:30:01 - [TEST_STEP][PASSED] - sendKeys: Keys 'ENTER + ' sent to object: 'Object Repository/Page_Sign in to your account/button_Sign in'

2017-10-30 06:30:01 - [MESSAGE][PASSED] - Keys 'ENTER + ' sent to object: 'Object Repository/Page_Sign in to your account/button_Sign in'

2017-10-30 06:30:01 - [TEST_STEP][PASSED] - click: Object: 'Object Repository/Page_Sign in to your account/button_Sign in' is clicked on

2017-10-30 06:30:01 - [MESSAGE][PASSED] - Object: 'Object Repository/Page_Sign in to your account/button_Sign in' is clicked on]]></system-out>
         <system-err><![CDATA[]]></system-err>
      </testcase>
      <testcase name="Test Cases/TC02" classname="Test Cases/TC02" status="PASSED">
         <system-out><![CDATA[2017-10-30 06:30:01 - [TEST_CASE][PASSED] - Test Cases/TC02: Test Cases/TC02

2017-10-30 06:30:02 - [TEST_STEP][PASSED] - click: Object: 'Object Repository/Page_Dashboards Player Community Da/label_Search for records' is clicked on

2017-10-30 06:30:16 - [MESSAGE][PASSED] - Object: 'Object Repository/Page_Dashboards Player Community Da/label_Search for records' is clicked on

2017-10-30 06:30:16 - [TEST_STEP][PASSED] - setText: Text 'Ayers, John' is set on object 'Object Repository/Page_Dashboards Player Community Da/input_Component0458004_findCri'

2017-10-30 06:30:16 - [MESSAGE][PASSED] - Text 'Ayers, John' is set on object 'Object Repository/Page_Dashboards Player Community Da/input_Component0458004_findCri'

2017-10-30 06:30:16 - [TEST_STEP][PASSED] - click: Object: 'Object Repository/Page_Dashboards Player Community Da/img_Component0458004_findCrite' is clicked on

2017-10-30 06:30:17 - [MESSAGE][PASSED] - Object: 'Object Repository/Page_Dashboards Player Community Da/img_Component0458004_findCrite' is clicked on

2017-10-30 06:30:19 - [TEST_STEP][PASSED] - switchToFrame: Timeout '0' is invalid. Using default page load timeout: '30'

2017-10-30 06:30:19 - [MESSAGE][WARNING] - Timeout '0' is invalid. Using default page load timeout: '30'

2017-10-30 06:30:19 - [TEST_STEP][PASSED] - click: Object: 'Object Repository/Page_Dashboards Player Community Da/a_PlayerResult' is clicked on

2017-10-30 06:30:20 - [MESSAGE][PASSED] - Object: 'Object Repository/Page_Dashboards Player Community Da/a_PlayerResult' is clicked on

2017-10-30 06:30:20 - [TEST_STEP][PASSED] - waitForPageLoad: Wait for page load successfully

2017-10-30 06:30:37 - [MESSAGE][PASSED] - Wait for page load successfully]]></system-out>
         <system-err><![CDATA[]]></system-err>
      </testcase>
      <testcase name="Test Cases/TC03" classname="Test Cases/TC03" status="FAILED">
         <failure type="FAILED" message="Unable to set text 'English' of object 'Object Repository/Page_Player Language New Player Lan/input_nfl_languageid_ledit' (Root cause: org.openqa.selenium.InvalidElementStateException: invalid element state: Element is not currently interactable and may not be manipulated
  (Session info: chrome=61.0.3163.100)
  (Driver info: chromedriver=2.33.506120 (e3e53437346286c0bc2d2dc9aa4915ba81d9023f),platform=Windows NT 10.0.15063 x86_64) (WARNING: The server did not provide any stacktrace information)
Command duration or timeout: 36 milliseconds
Build info: version: '2.53.0', revision: '35ae25b', time: '2016-03-15 17:00:58'
System info: host: 'DESKTOP-7FI2243', ip: '192.168.0.100', os.name: 'Windows 10', os.arch: 'amd64', os.version: '10.0', java.version: '1.8.0_102'
Driver info: com.kms.katalon.selenium.driver.CChromeDriver
Capabilities [{applicationCacheEnabled=false, rotatable=false, mobileEmulationEnabled=false, networkConnectionEnabled=false, chrome={chromedriverVersion=2.33.506120 (e3e53437346286c0bc2d2dc9aa4915ba81d9023f), userDataDir=C:\Users\lokesh\AppData\Local\Temp\scoped_dir200_8498}, takesHeapSnapshot=true, pageLoadStrategy=normal, databaseEnabled=false, handlesAlerts=true, hasTouchScreen=false, version=61.0.3163.100, platform=XP, browserConnectionEnabled=false, nativeEvents=true, acceptSslCerts=true, locationContextEnabled=true, webStorageEnabled=true, browserName=chrome, takesScreenshot=true, javascriptEnabled=true, cssSelectorsEnabled=true, setWindowRect=true, unexpectedAlertBehaviour=}]
Session ID: c7362a3c7b5f8dcfd68beb098cc62f68)"/>
         <system-out><![CDATA[2017-10-30 06:30:37 - [TEST_CASE][FAILED] - Test Cases/TC03: Test Cases/TC03 FAILED because (of) Unable to set text 'English' of object 'Object Repository/Page_Player Language New Player Lan/input_nfl_languageid_ledit' (Root cause: org.openqa.selenium.InvalidElementStateException: invalid element state: Element is not currently interactable and may not be manipulated
  (Session info: chrome=61.0.3163.100)
  (Driver info: chromedriver=2.33.506120 (e3e53437346286c0bc2d2dc9aa4915ba81d9023f),platform=Windows NT 10.0.15063 x86_64) (WARNING: The server did not provide any stacktrace information)
Command duration or timeout: 36 milliseconds
Build info: version: '2.53.0', revision: '35ae25b', time: '2016-03-15 17:00:58'
System info: host: 'DESKTOP-7FI2243', ip: '192.168.0.100', os.name: 'Windows 10', os.arch: 'amd64', os.version: '10.0', java.version: '1.8.0_102'
Driver info: com.kms.katalon.selenium.driver.CChromeDriver
Capabilities [{applicationCacheEnabled=false, rotatable=false, mobileEmulationEnabled=false, networkConnectionEnabled=false, chrome={chromedriverVersion=2.33.506120 (e3e53437346286c0bc2d2dc9aa4915ba81d9023f), userDataDir=C:\Users\lokesh\AppData\Local\Temp\scoped_dir200_8498}, takesHeapSnapshot=true, pageLoadStrategy=normal, databaseEnabled=false, handlesAlerts=true, hasTouchScreen=false, version=61.0.3163.100, platform=XP, browserConnectionEnabled=false, nativeEvents=true, acceptSslCerts=true, locationContextEnabled=true, webStorageEnabled=true, browserName=chrome, takesScreenshot=true, javascriptEnabled=true, cssSelectorsEnabled=true, setWindowRect=true, unexpectedAlertBehaviour=}]
Session ID: c7362a3c7b5f8dcfd68beb098cc62f68)

2017-10-30 06:30:37 - [TEST_STEP][PASSED] - switchToDefaultContent: Switching to default content

2017-10-30 06:30:37 - [TEST_STEP][PASSED] - click: Object: 'Object Repository/Page_Player Details/img' is clicked on

2017-10-30 06:30:38 - [MESSAGE][PASSED] - Object: 'Object Repository/Page_Player Details/img' is clicked on

2017-10-30 06:30:38 - [TEST_STEP][PASSED] - click: Object: 'Object Repository/Page_Player Details/a_Additional Details' is clicked on

2017-10-30 06:30:40 - [MESSAGE][PASSED] - Object: 'Object Repository/Page_Player Details/a_Additional Details' is clicked on

2017-10-30 06:30:40 - [TEST_STEP][PASSED] - click: Object: 'Object Repository/Page_Player Details/Add_Language' is clicked on

2017-10-30 06:30:40 - [MESSAGE][PASSED] - Object: 'Object Repository/Page_Player Details/Add_Language' is clicked on

2017-10-30 06:30:43 - [TEST_STEP][FAILED] - setText: Unable to set text 'English' of object 'Object Repository/Page_Player Language New Player Lan/input_nfl_languageid_ledit' (Root cause: org.openqa.selenium.InvalidElementStateException: invalid element state: Element is not currently interactable and may not be manipulated
  (Session info: chrome=61.0.3163.100)
  (Driver info: chromedriver=2.33.506120 (e3e53437346286c0bc2d2dc9aa4915ba81d9023f),platform=Windows NT 10.0.15063 x86_64) (WARNING: The server did not provide any stacktrace information)
Command duration or timeout: 36 milliseconds
Build info: version: '2.53.0', revision: '35ae25b', time: '2016-03-15 17:00:58'
System info: host: 'DESKTOP-7FI2243', ip: '192.168.0.100', os.name: 'Windows 10', os.arch: 'amd64', os.version: '10.0', java.version: '1.8.0_102'
Driver info: com.kms.katalon.selenium.driver.CChromeDriver
Capabilities [{applicationCacheEnabled=false, rotatable=false, mobileEmulationEnabled=false, networkConnectionEnabled=false, chrome={chromedriverVersion=2.33.506120 (e3e53437346286c0bc2d2dc9aa4915ba81d9023f), userDataDir=C:\Users\lokesh\AppData\Local\Temp\scoped_dir200_8498}, takesHeapSnapshot=true, pageLoadStrategy=normal, databaseEnabled=false, handlesAlerts=true, hasTouchScreen=false, version=61.0.3163.100, platform=XP, browserConnectionEnabled=false, nativeEvents=true, acceptSslCerts=true, locationContextEnabled=true, webStorageEnabled=true, browserName=chrome, takesScreenshot=true, javascriptEnabled=true, cssSelectorsEnabled=true, setWindowRect=true, unexpectedAlertBehaviour=}]
Session ID: c7362a3c7b5f8dcfd68beb098cc62f68)

2017-10-30 06:30:44 - [MESSAGE][FAILED] - Unable to set text 'English' of object 'Object Repository/Page_Player Language New Player Lan/input_nfl_languageid_ledit' (Root cause: org.openqa.selenium.InvalidElementStateException: invalid element state: Element is not currently interactable and may not be manipulated
  (Session info: chrome=61.0.3163.100)
  (Driver info: chromedriver=2.33.506120 (e3e53437346286c0bc2d2dc9aa4915ba81d9023f),platform=Windows NT 10.0.15063 x86_64) (WARNING: The server did not provide any stacktrace information)
Command duration or timeout: 36 milliseconds
Build info: version: '2.53.0', revision: '35ae25b', time: '2016-03-15 17:00:58'
System info: host: 'DESKTOP-7FI2243', ip: '192.168.0.100', os.name: 'Windows 10', os.arch: 'amd64', os.version: '10.0', java.version: '1.8.0_102'
Driver info: com.kms.katalon.selenium.driver.CChromeDriver
Capabilities [{applicationCacheEnabled=false, rotatable=false, mobileEmulationEnabled=false, networkConnectionEnabled=false, chrome={chromedriverVersion=2.33.506120 (e3e53437346286c0bc2d2dc9aa4915ba81d9023f), userDataDir=C:\Users\lokesh\AppData\Local\Temp\scoped_dir200_8498}, takesHeapSnapshot=true, pageLoadStrategy=normal, databaseEnabled=false, handlesAlerts=true, hasTouchScreen=false, version=61.0.3163.100, platform=XP, browserConnectionEnabled=false, nativeEvents=true, acceptSslCerts=true, locationContextEnabled=true, webStorageEnabled=true, browserName=chrome, takesScreenshot=true, javascriptEnabled=true, cssSelectorsEnabled=true, setWindowRect=true, unexpectedAlertBehaviour=}]
Session ID: c7362a3c7b5f8dcfd68beb098cc62f68)
[[ATTACHMENT|C:\\Users\\lokesh\\Katalon Studio\\recorded\\Reports\\Smoke\\20171030_062951\\1509325243597.png]]]]></system-out>
         <system-err><![CDATA[2017-10-30 06:30:37 - [TEST_CASE][FAILED] - Test Cases/TC03: Test Cases/TC03 FAILED because (of) Unable to set text 'English' of object 'Object Repository/Page_Player Language New Player Lan/input_nfl_languageid_ledit' (Root cause: org.openqa.selenium.InvalidElementStateException: invalid element state: Element is not currently interactable and may not be manipulated
  (Session info: chrome=61.0.3163.100)
  (Driver info: chromedriver=2.33.506120 (e3e53437346286c0bc2d2dc9aa4915ba81d9023f),platform=Windows NT 10.0.15063 x86_64) (WARNING: The server did not provide any stacktrace information)
Command duration or timeout: 36 milliseconds
Build info: version: '2.53.0', revision: '35ae25b', time: '2016-03-15 17:00:58'
System info: host: 'DESKTOP-7FI2243', ip: '192.168.0.100', os.name: 'Windows 10', os.arch: 'amd64', os.version: '10.0', java.version: '1.8.0_102'
Driver info: com.kms.katalon.selenium.driver.CChromeDriver
Capabilities [{applicationCacheEnabled=false, rotatable=false, mobileEmulationEnabled=false, networkConnectionEnabled=false, chrome={chromedriverVersion=2.33.506120 (e3e53437346286c0bc2d2dc9aa4915ba81d9023f), userDataDir=C:\Users\lokesh\AppData\Local\Temp\scoped_dir200_8498}, takesHeapSnapshot=true, pageLoadStrategy=normal, databaseEnabled=false, handlesAlerts=true, hasTouchScreen=false, version=61.0.3163.100, platform=XP, browserConnectionEnabled=false, nativeEvents=true, acceptSslCerts=true, locationContextEnabled=true, webStorageEnabled=true, browserName=chrome, takesScreenshot=true, javascriptEnabled=true, cssSelectorsEnabled=true, setWindowRect=true, unexpectedAlertBehaviour=}]
Session ID: c7362a3c7b5f8dcfd68beb098cc62f68)]]></system-err>
      </testcase>
      <testcase name="Test Cases/TC04" classname="Test Cases/TC04" status="FAILED">
         <failure type="FAILED" message="Unable to click on object 'Object Repository/Page_Player Details/img' (Root cause: org.openqa.selenium.WebDriverException: unknown error: Element &lt;iframe frameborder=&quot;0&quot; id=&quot;contentIFrame0&quot; name=&quot;contentIFrame0&quot; title=&quot;Content Area&quot; style=&quot;border: 0px none; overflow: hidden; position: absolute; left: 0px; right: 0px; height: 100%; width: 100%; visibility: visible;&quot; cd_frame_id_=&quot;5a30b89d6757c1e580130daf78baf28c&quot; ispreserved=&quot;always&quot;>&lt;/iframe> is not clickable at point (231, 192). Other element would receive the click: &lt;iframe class=&quot;mscrm-globalqc-iframe&quot; id=&quot;NavBarGloablQuickCreate&quot; cd_frame_id_=&quot;e2646c7d0e5c018620c2ed8c4d2ac9ca&quot; style=&quot;height: 148px;&quot;>&lt;/iframe>
  (Session info: chrome=61.0.3163.100)
  (Driver info: chromedriver=2.33.506120 (e3e53437346286c0bc2d2dc9aa4915ba81d9023f),platform=Windows NT 10.0.15063 x86_64) (WARNING: The server did not provide any stacktrace information)
Command duration or timeout: 116 milliseconds
Build info: version: '2.53.0', revision: '35ae25b', time: '2016-03-15 17:00:58'
System info: host: 'DESKTOP-7FI2243', ip: '192.168.0.100', os.name: 'Windows 10', os.arch: 'amd64', os.version: '10.0', java.version: '1.8.0_102'
Driver info: com.kms.katalon.selenium.driver.CChromeDriver
Capabilities [{applicationCacheEnabled=false, rotatable=false, mobileEmulationEnabled=false, networkConnectionEnabled=false, chrome={chromedriverVersion=2.33.506120 (e3e53437346286c0bc2d2dc9aa4915ba81d9023f), userDataDir=C:\Users\lokesh\AppData\Local\Temp\scoped_dir200_8498}, takesHeapSnapshot=true, pageLoadStrategy=normal, databaseEnabled=false, handlesAlerts=true, hasTouchScreen=false, version=61.0.3163.100, platform=XP, browserConnectionEnabled=false, nativeEvents=true, acceptSslCerts=true, locationContextEnabled=true, webStorageEnabled=true, browserName=chrome, takesScreenshot=true, javascriptEnabled=true, cssSelectorsEnabled=true, setWindowRect=true, unexpectedAlertBehaviour=}]
Session ID: c7362a3c7b5f8dcfd68beb098cc62f68)"/>
         <system-out><![CDATA[2017-10-30 06:30:44 - [TEST_CASE][FAILED] - Test Cases/TC04: Test Cases/TC04 FAILED because (of) Unable to click on object 'Object Repository/Page_Player Details/img' (Root cause: org.openqa.selenium.WebDriverException: unknown error: Element <iframe frameborder="0" id="contentIFrame0" name="contentIFrame0" title="Content Area" style="border: 0px none; overflow: hidden; position: absolute; left: 0px; right: 0px; height: 100%; width: 100%; visibility: visible;" cd_frame_id_="5a30b89d6757c1e580130daf78baf28c" ispreserved="always"></iframe> is not clickable at point (231, 192). Other element would receive the click: <iframe class="mscrm-globalqc-iframe" id="NavBarGloablQuickCreate" cd_frame_id_="e2646c7d0e5c018620c2ed8c4d2ac9ca" style="height: 148px;"></iframe>
  (Session info: chrome=61.0.3163.100)
  (Driver info: chromedriver=2.33.506120 (e3e53437346286c0bc2d2dc9aa4915ba81d9023f),platform=Windows NT 10.0.15063 x86_64) (WARNING: The server did not provide any stacktrace information)
Command duration or timeout: 116 milliseconds
Build info: version: '2.53.0', revision: '35ae25b', time: '2016-03-15 17:00:58'
System info: host: 'DESKTOP-7FI2243', ip: '192.168.0.100', os.name: 'Windows 10', os.arch: 'amd64', os.version: '10.0', java.version: '1.8.0_102'
Driver info: com.kms.katalon.selenium.driver.CChromeDriver
Capabilities [{applicationCacheEnabled=false, rotatable=false, mobileEmulationEnabled=false, networkConnectionEnabled=false, chrome={chromedriverVersion=2.33.506120 (e3e53437346286c0bc2d2dc9aa4915ba81d9023f), userDataDir=C:\Users\lokesh\AppData\Local\Temp\scoped_dir200_8498}, takesHeapSnapshot=true, pageLoadStrategy=normal, databaseEnabled=false, handlesAlerts=true, hasTouchScreen=false, version=61.0.3163.100, platform=XP, browserConnectionEnabled=false, nativeEvents=true, acceptSslCerts=true, locationContextEnabled=true, webStorageEnabled=true, browserName=chrome, takesScreenshot=true, javascriptEnabled=true, cssSelectorsEnabled=true, setWindowRect=true, unexpectedAlertBehaviour=}]
Session ID: c7362a3c7b5f8dcfd68beb098cc62f68)

2017-10-30 06:30:44 - [TEST_STEP][PASSED] - switchToDefaultContent: Switching to default content

2017-10-30 06:30:44 - [TEST_STEP][FAILED] - click: Unable to click on object 'Object Repository/Page_Player Details/img' (Root cause: org.openqa.selenium.WebDriverException: unknown error: Element <iframe frameborder="0" id="contentIFrame0" name="contentIFrame0" title="Content Area" style="border: 0px none; overflow: hidden; position: absolute; left: 0px; right: 0px; height: 100%; width: 100%; visibility: visible;" cd_frame_id_="5a30b89d6757c1e580130daf78baf28c" ispreserved="always"></iframe> is not clickable at point (231, 192). Other element would receive the click: <iframe class="mscrm-globalqc-iframe" id="NavBarGloablQuickCreate" cd_frame_id_="e2646c7d0e5c018620c2ed8c4d2ac9ca" style="height: 148px;"></iframe>
  (Session info: chrome=61.0.3163.100)
  (Driver info: chromedriver=2.33.506120 (e3e53437346286c0bc2d2dc9aa4915ba81d9023f),platform=Windows NT 10.0.15063 x86_64) (WARNING: The server did not provide any stacktrace information)
Command duration or timeout: 116 milliseconds
Build info: version: '2.53.0', revision: '35ae25b', time: '2016-03-15 17:00:58'
System info: host: 'DESKTOP-7FI2243', ip: '192.168.0.100', os.name: 'Windows 10', os.arch: 'amd64', os.version: '10.0', java.version: '1.8.0_102'
Driver info: com.kms.katalon.selenium.driver.CChromeDriver
Capabilities [{applicationCacheEnabled=false, rotatable=false, mobileEmulationEnabled=false, networkConnectionEnabled=false, chrome={chromedriverVersion=2.33.506120 (e3e53437346286c0bc2d2dc9aa4915ba81d9023f), userDataDir=C:\Users\lokesh\AppData\Local\Temp\scoped_dir200_8498}, takesHeapSnapshot=true, pageLoadStrategy=normal, databaseEnabled=false, handlesAlerts=true, hasTouchScreen=false, version=61.0.3163.100, platform=XP, browserConnectionEnabled=false, nativeEvents=true, acceptSslCerts=true, locationContextEnabled=true, webStorageEnabled=true, browserName=chrome, takesScreenshot=true, javascriptEnabled=true, cssSelectorsEnabled=true, setWindowRect=true, unexpectedAlertBehaviour=}]
Session ID: c7362a3c7b5f8dcfd68beb098cc62f68)

2017-10-30 06:30:45 - [MESSAGE][FAILED] - Unable to click on object 'Object Repository/Page_Player Details/img' (Root cause: org.openqa.selenium.WebDriverException: unknown error: Element <iframe frameborder="0" id="contentIFrame0" name="contentIFrame0" title="Content Area" style="border: 0px none; overflow: hidden; position: absolute; left: 0px; right: 0px; height: 100%; width: 100%; visibility: visible;" cd_frame_id_="5a30b89d6757c1e580130daf78baf28c" ispreserved="always"></iframe> is not clickable at point (231, 192). Other element would receive the click: <iframe class="mscrm-globalqc-iframe" id="NavBarGloablQuickCreate" cd_frame_id_="e2646c7d0e5c018620c2ed8c4d2ac9ca" style="height: 148px;"></iframe>
  (Session info: chrome=61.0.3163.100)
  (Driver info: chromedriver=2.33.506120 (e3e53437346286c0bc2d2dc9aa4915ba81d9023f),platform=Windows NT 10.0.15063 x86_64) (WARNING: The server did not provide any stacktrace information)
Command duration or timeout: 116 milliseconds
Build info: version: '2.53.0', revision: '35ae25b', time: '2016-03-15 17:00:58'
System info: host: 'DESKTOP-7FI2243', ip: '192.168.0.100', os.name: 'Windows 10', os.arch: 'amd64', os.version: '10.0', java.version: '1.8.0_102'
Driver info: com.kms.katalon.selenium.driver.CChromeDriver
Capabilities [{applicationCacheEnabled=false, rotatable=false, mobileEmulationEnabled=false, networkConnectionEnabled=false, chrome={chromedriverVersion=2.33.506120 (e3e53437346286c0bc2d2dc9aa4915ba81d9023f), userDataDir=C:\Users\lokesh\AppData\Local\Temp\scoped_dir200_8498}, takesHeapSnapshot=true, pageLoadStrategy=normal, databaseEnabled=false, handlesAlerts=true, hasTouchScreen=false, version=61.0.3163.100, platform=XP, browserConnectionEnabled=false, nativeEvents=true, acceptSslCerts=true, locationContextEnabled=true, webStorageEnabled=true, browserName=chrome, takesScreenshot=true, javascriptEnabled=true, cssSelectorsEnabled=true, setWindowRect=true, unexpectedAlertBehaviour=}]
Session ID: c7362a3c7b5f8dcfd68beb098cc62f68)
[[ATTACHMENT|C:\\Users\\lokesh\\Katalon Studio\\recorded\\Reports\\Smoke\\20171030_062951\\1509325245705.png]]]]></system-out>
         <system-err><![CDATA[2017-10-30 06:30:44 - [TEST_CASE][FAILED] - Test Cases/TC04: Test Cases/TC04 FAILED because (of) Unable to click on object 'Object Repository/Page_Player Details/img' (Root cause: org.openqa.selenium.WebDriverException: unknown error: Element <iframe frameborder="0" id="contentIFrame0" name="contentIFrame0" title="Content Area" style="border: 0px none; overflow: hidden; position: absolute; left: 0px; right: 0px; height: 100%; width: 100%; visibility: visible;" cd_frame_id_="5a30b89d6757c1e580130daf78baf28c" ispreserved="always"></iframe> is not clickable at point (231, 192). Other element would receive the click: <iframe class="mscrm-globalqc-iframe" id="NavBarGloablQuickCreate" cd_frame_id_="e2646c7d0e5c018620c2ed8c4d2ac9ca" style="height: 148px;"></iframe>
  (Session info: chrome=61.0.3163.100)
  (Driver info: chromedriver=2.33.506120 (e3e53437346286c0bc2d2dc9aa4915ba81d9023f),platform=Windows NT 10.0.15063 x86_64) (WARNING: The server did not provide any stacktrace information)
Command duration or timeout: 116 milliseconds
Build info: version: '2.53.0', revision: '35ae25b', time: '2016-03-15 17:00:58'
System info: host: 'DESKTOP-7FI2243', ip: '192.168.0.100', os.name: 'Windows 10', os.arch: 'amd64', os.version: '10.0', java.version: '1.8.0_102'
Driver info: com.kms.katalon.selenium.driver.CChromeDriver
Capabilities [{applicationCacheEnabled=false, rotatable=false, mobileEmulationEnabled=false, networkConnectionEnabled=false, chrome={chromedriverVersion=2.33.506120 (e3e53437346286c0bc2d2dc9aa4915ba81d9023f), userDataDir=C:\Users\lokesh\AppData\Local\Temp\scoped_dir200_8498}, takesHeapSnapshot=true, pageLoadStrategy=normal, databaseEnabled=false, handlesAlerts=true, hasTouchScreen=false, version=61.0.3163.100, platform=XP, browserConnectionEnabled=false, nativeEvents=true, acceptSslCerts=true, locationContextEnabled=true, webStorageEnabled=true, browserName=chrome, takesScreenshot=true, javascriptEnabled=true, cssSelectorsEnabled=true, setWindowRect=true, unexpectedAlertBehaviour=}]
Session ID: c7362a3c7b5f8dcfd68beb098cc62f68)]]></system-err>
      </testcase>
      <system-out><![CDATA[2017-10-30 06:29:52 - [TEST_SUITE][FAILED] - Smoke: Test Cases/TC03 FAILED because (of) Unable to set text 'English' of object 'Object Repository/Page_Player Language New Player Lan/input_nfl_languageid_ledit' (Root cause: org.openqa.selenium.InvalidElementStateException: invalid element state: Element is not currently interactable and may not be manipulated
  (Session info: chrome=61.0.3163.100)
  (Driver info: chromedriver=2.33.506120 (e3e53437346286c0bc2d2dc9aa4915ba81d9023f),platform=Windows NT 10.0.15063 x86_64) (WARNING: The server did not provide any stacktrace information)
Command duration or timeout: 36 milliseconds
Build info: version: '2.53.0', revision: '35ae25b', time: '2016-03-15 17:00:58'
System info: host: 'DESKTOP-7FI2243', ip: '192.168.0.100', os.name: 'Windows 10', os.arch: 'amd64', os.version: '10.0', java.version: '1.8.0_102'
Driver info: com.kms.katalon.selenium.driver.CChromeDriver
Capabilities [{applicationCacheEnabled=false, rotatable=false, mobileEmulationEnabled=false, networkConnectionEnabled=false, chrome={chromedriverVersion=2.33.506120 (e3e53437346286c0bc2d2dc9aa4915ba81d9023f), userDataDir=C:\Users\lokesh\AppData\Local\Temp\scoped_dir200_8498}, takesHeapSnapshot=true, pageLoadStrategy=normal, databaseEnabled=false, handlesAlerts=true, hasTouchScreen=false, version=61.0.3163.100, platform=XP, browserConnectionEnabled=false, nativeEvents=true, acceptSslCerts=true, locationContextEnabled=true, webStorageEnabled=true, browserName=chrome, takesScreenshot=true, javascriptEnabled=true, cssSelectorsEnabled=true, setWindowRect=true, unexpectedAlertBehaviour=}]
Session ID: c7362a3c7b5f8dcfd68beb098cc62f68)]]></system-out>
      <system-err><![CDATA[2017-10-30 06:29:52 - [TEST_SUITE][FAILED] - Smoke: Test Cases/TC03 FAILED because (of) Unable to set text 'English' of object 'Object Repository/Page_Player Language New Player Lan/input_nfl_languageid_ledit' (Root cause: org.openqa.selenium.InvalidElementStateException: invalid element state: Element is not currently interactable and may not be manipulated
  (Session info: chrome=61.0.3163.100)
  (Driver info: chromedriver=2.33.506120 (e3e53437346286c0bc2d2dc9aa4915ba81d9023f),platform=Windows NT 10.0.15063 x86_64) (WARNING: The server did not provide any stacktrace information)
Command duration or timeout: 36 milliseconds
Build info: version: '2.53.0', revision: '35ae25b', time: '2016-03-15 17:00:58'
System info: host: 'DESKTOP-7FI2243', ip: '192.168.0.100', os.name: 'Windows 10', os.arch: 'amd64', os.version: '10.0', java.version: '1.8.0_102'
Driver info: com.kms.katalon.selenium.driver.CChromeDriver
Capabilities [{applicationCacheEnabled=false, rotatable=false, mobileEmulationEnabled=false, networkConnectionEnabled=false, chrome={chromedriverVersion=2.33.506120 (e3e53437346286c0bc2d2dc9aa4915ba81d9023f), userDataDir=C:\Users\lokesh\AppData\Local\Temp\scoped_dir200_8498}, takesHeapSnapshot=true, pageLoadStrategy=normal, databaseEnabled=false, handlesAlerts=true, hasTouchScreen=false, version=61.0.3163.100, platform=XP, browserConnectionEnabled=false, nativeEvents=true, acceptSslCerts=true, locationContextEnabled=true, webStorageEnabled=true, browserName=chrome, takesScreenshot=true, javascriptEnabled=true, cssSelectorsEnabled=true, setWindowRect=true, unexpectedAlertBehaviour=}]
Session ID: c7362a3c7b5f8dcfd68beb098cc62f68)]]></system-err>
   </testsuite>
</testsuites>
